<?xml version="1.0" encoding="UTF-8"?>
<!-- Generated by org.testng.reporters.JUnitReportReporter -->
<testsuite hostname="mbp" failures="0" tests="2" name="com.tests.LoginTest" time="0.574" errors="0" timestamp="2022-08-21T13:42:58 EDT" skipped="0">
  <testcase classname="com.tests.LoginTest" name="loginTest" time="0.301"/>
  <system-out/>
  <testcase classname="com.tests.LoginTest" name="negativeLoginTest" time="0.273"/>
  <system-out/>
</testsuite> <!-- com.tests.LoginTest -->
