<?xml version="1.0" encoding="UTF-8"?>
<!-- Generated by org.testng.reporters.JUnitReportReporter -->
<testsuite hostname="mbp" failures="0" tests="1" name="com.tests.CartTest" time="0.736" errors="0" timestamp="2022-08-21T14:07:45 EDT" skipped="0">
  <testcase classname="com.tests.CartTest" name="addItemsTest" time="0.736"/>
  <system-out/>
</testsuite> <!-- com.tests.CartTest -->
